-------------------------------------------------------------------------------
Test set: DBConnectorTest
-------------------------------------------------------------------------------
Tests run: 6, Failures: 1, Errors: 0, Skipped: 0, Time elapsed: 0.177 s <<< FAILURE! - in DBConnectorTest
DBConnectorTest.testGetUserBalanceFromUserWithFunds  Time elapsed: 0.01 s  <<< FAILURE!
org.opentest4j.AssertionFailedError: The membership value for the user should be 500. ==> expected: <500> but was: <0>
	at DBConnectorTest.testGetUserBalanceFromUserWithFunds(DBConnectorTest.java:210)

