<?xml version="1.0" encoding="UTF-8"?>
<testsuite xmlns:xsi="http://www.w3.org/2001/XMLSchema-instance" xsi:noNamespaceSchemaLocation="https://maven.apache.org/surefire/maven-surefire-plugin/xsd/surefire-test-report-3.0.xsd" version="3.0" name="DBConnectorTest" time="0.146" tests="2" errors="0" skipped="0" failures="0">
  <properties>
[...]
</properties>
  <testcase name="readMediaDataForSpecificSeries" classname="DBConnectorTest" time="0.127">
    <system-out><![CDATA[Series found: true
]]></system-out>
  </testcase>
  <testcase name="readMediaDataForSpecificMovie" classname="DBConnectorTest" time="0.009">
    <system-out><![CDATA[[Title: The Godfather, Year: 1972, Category: Crime, Drama, Rating: 9.2, Title: The Shawshank Redemption, Year: 1994, Category: Drama, Rating: 9.3, Title: Schindlers List, Year: 1993, Category: Biography, Drama, History, Rating: 8.9, Title: Raging Bull, Year: 1980, Category: Biography, Drama, Sport, Rating: 8.2, Title: Casablanca, Year: 1942, Category: Drama, Romance, War, Rating: 8.5, Title: Citizen Kane, Year: 1941, Category: Drama, Mystery, Rating: 8.4, Title: Gone With The Wind, Year: 1939, Category: Drama, History, Romance, Rating: 8.2, Title: The Wizard Of Oz, Year: 1939, Category: Adventure, Family, Fantasy, Rating: 8.0, Title: One Flew Over The Cuckoos Nest, Year: 1975, Category: Drama, Rating: 8.7, Title: Lawrence Of Arabia, Year: 1962, Category: Adventure, Biography, Drama, Rating: 8.3, Title: Vertigo, Year: 1958, Category: Mystery, Romance, Thriller, Rating: 8.3, Title: Psycho, Year: 1960, Category: Horror, Mystery, Thriller, Rating: 8.5, Title: The Godfather Part II, Year: 1974, Category: Crime, Drama, Rating: 9.0, Title: On The Waterfront, Year: 1954, Category: Crime, Drama, Thriller, Rating: 8.2, Title: Sunset Boulevard, Year: 1950, Category: Drama, Film-Noir, Rating: 8.4, Title: Forrest Gump, Year: 1994, Category: Drama, Romance, Rating: 8.8, Title: The Sound Of Music, Year: 1965, Category: Biography, Drama, Family, Musical, Rating: 8.0, Title: 12 Angry Men, Year: 1957, Category: Crime, Drama, Rating: 8.9, Title: West Side Story, Year: 1961, Category: Crime, Drama, Rating: 7.6, Title: Star Wars, Year: 1977, Category: Action, Adventure, Family, Rating: 8.6, Title: 2001: A Space Odyssey, Year: 1968, Category: Adventure, Sci-Fi, Rating: 8.3, Title: ET, Year: 1982, Category: Family, Sci-Fi, Rating: 7.9, Title: The Silence Of The Lambs, Year: 1991, Category: Crime, Drama, Thriller, Rating: 8.6, Title: Chinatown, Year: 1974, Category: Drama, Mystery, Thriller, Rating: 8.2, Title: The Bridge Over The River Kwai, Year: 1957, Category: Adventure, Drama, War, Rating: 8.2, Title: Singin In The Rain, Year: 1952, Category: Comedy, Musical, Romance, Rating: 8.3, Title: Its A Wonderful Life, Year: 1946, Category: Drama, Family, Fantasy, Rating: 8.6, Title: Dr. Strangelove Or How I Learned To Stop Worrying And Love The Bomb, Year: 1964, Category: Comedy, War, Rating: 8.4, Title: Some Like It Hot, Year: 1959, Category: Comedy, Romance, Rating: 8.2, Title: Ben Hur, Year: 1959, Category: Adventure, Drama, History, Rating: 8.1, Title: Apocalypse Now, Year: 1979, Category: Drama, War, Rating: 8.5, Title: Amadeus, Year: 1984, Category: Biography, Drama, History, Rating: 8.3, Title: Lord Of The Rings - The Return Of The King, Year: 2003, Category: Action, Adventure, Drama, Rating: 8.9, Title: Gladiator, Year: 2000, Category: Action, Adventure, Drama, Rating: 8.5, Title: Titanic, Year: 1997, Category: Drama, Romance, Rating: 7.8, Title: From Here To Eternity, Year: 1953, Category: Drama, Romance, War, Rating: 7.7, Title: Saving Private Ryan, Year: 1998, Category: Drama, War, Rating: 8.6, Title: Unforgiven, Year: 1992, Category: Drama, Western, Rating: 8.2, Title: Raiders Of The Lost Ark, Year: 1981, Category: Action, Adventure, Rating: 8.5, Title: Rocky, Year: 1976, Category: Drama, Sport, Rating: 8.1, Title: A Streetcar Named Desire, Year: 1951, Category: Drama, Rating: 8.0, Title: A Philadelphia Story, Year: 1940, Category: Comedy, Romance, Rating: 8.0, Title: To Kill A Mockingbird, Year: 1962, Category: Crime, Drama, Rating: 8.3, Title: An American In Paris, Year: 1951, Category: Drama, Musical, Romance, Rating: 7.2, Title: The Best Years Of Our Lives, Year: 1946, Category: Drama, Romance, War, Rating: 8.1, Title: My Fair Lady, Year: 1964, Category: Drama, Family, Musical, Rating: 7.9, Title: A Clockwork Orange, Year: 1971, Category: Crime, Drama, Sci-Fi, Rating: 8.3, Title: Doctor Zhivago, Year: 1965, Category: Drama, Romance, War, Rating: 8.0, Title: The Searchers, Year: 1956, Category: Adventure, Drama, Western, Rating: 8.0, Title: Jaws, Year: 1975, Category: Adventure, Drama, Thriller, Rating: 8.0, Title: Patton, Year: 1970, Category: Biography, Drama, War, Rating: 8.0, Title: Butch Cassidy And The Sundance Kid, Year: 1969, Category: Biography, Crime, Drama, Rating: 8.1, Title: The Treasure Of The Sierra Madre, Year: 1948, Category: Adventure, Drama, Western, Rating: 8.3, Title: The Good, The Bad And The Ugly, Year: 1966, Category: Western, Rating: 8.9, Title: The Apartment, Year: 1960, Category: Comedy, Drama, Romance, Rating: 8.3, Title: Platoon, Year: 1986, Category: Drama, War, Rating: 8.1, Title: High Noon, Year: 1952, Category: Action, Drama, Thriller, Rating: 8.0, Title: Braveheart, Year: 1995, Category: Biography, Drama, History, Rating: 8.4, Title: Dances With Wolves, Year: 1990, Category: Adventure, Drama, Western, Rating: 8.0, Title: Jurassic Park, Year: 1993, Category: Adventure, Sci-Fi, Thriller, Rating: 8.1, Title: The Exorcist, Year: 1973, Category: Horror, Rating: 8.0, Title: The Pianist, Year: 2002, Category: Biography, Drama, Music, Rating: 8.5, Title: Goodfellas, Year: 1990, Category: Crime, Drama, Rating: 8.7, Title: The Deer Hunter, Year: 1978, Category: Drama, War, Rating: 8.1, Title: All Quiet On The Western Front, Year: 1930, Category: Drama, War, Rating: 8.1, Title: Bonny And Clyde, Year: 1967, Category: Action, Biography, Crime, Rating: 7.9, Title: The French Connection, Year: 1971, Category: Action, Crime, Drama, Rating: 7.8, Title: City Lights, Year: 1931, Category: Comedy, Drama, Romance, Rating: 8.5, Title: It Happened One Night, Year: 1934, Category: Comedy, Romance, Rating: 8.1, Title: A Place In The Sun, Year: 1951, Category: Drama, Romance, Rating: 7.8, Title: Midnight Cowboy, Year: 1969, Category: Drama, Rating: 7.9, Title: Mr Smith Goes To Washington, Year: 1939, Category: Comedy, Drama, Rating: 8.2, Title: Rain Man, Year: 1988, Category: Drama, Rating: 8.0, Title: Annie Hall, Year: 1977, Category: Comedy, Romance, Rating: 8.0, Title: Fargo, Year: 1996, Category: Crime, Drama, Thriller, Rating: 8.1, Title: Giant, Year: 1956, Category: Drama, Western, Rating: 7.7, Title: Shane, Year: 1953, Category: Drama, Western, Rating: 7.7, Title: Grapes Of Wrath, Year: 1940, Category: Drama, History, Rating: 8.1, Title: The Green Mile, Year: 1999, Category: Crime, Drama, Fantasy, Rating: 8.5, Title: Close Encounters, Year: 1977, Category: Drama, Sci-Fi, Rating: 7.7, Title: Nashville, Year: 1975, Category: Comedy, Drama, Music, Rating: 7.8, Title: Network, Year: 1976, Category: Drama, Rating: 8.1, Title: The Graduate, Year: 1967, Category: Comedy, Drama, Romance, Rating: 8.0, Title: American Graffiti, Year: 1973, Category: Comedy, Drama, Rating: 7.5, Title: Pulp Fiction, Year: 1994, Category: Crime, Drama, Rating: 8.9, Title: Terms of Endearment, Year: 1983, Category: Comedy, Drama, Rating: 7.4, Title: Good Will Hunting, Year: 1997, Category: Drama, Romance, Rating: 8.3, Title: The African Queen, Year: 1951, Category: Adventure, Drama, Romance, Rating: 7.9, Title: Stagecoach, Year: 1939, Category: Adventure, Western, Rating: 7.9, Title: Mutiny On The Bounty, Year: 1935, Category: Adventure, Biography, Drama, Rating: 7.8, Title: The Great Dictator, Year: 1940, Category: Comedy, Drama, War, Rating: 8.5, Title: Double Indemnity, Year: 1944, Category: Crime, Drama, Film-Noir, Rating: 8.3, Title: The Maltese Falcon, Year: 1941, Category: Film-Noir, Mystery, Rating: 8.1, Title: Wuthering Heights, Year: 1939, Category: Drama, Romance, Rating: 7.7, Title: Taxi Driver, Year: 1976, Category: Crime, Drama, Rating: 8.3, Title: Rear Window, Year: 1954, Category: Mystery, Thriller, Rating: 8.5, Title: The Third Man, Year: 1949, Category: Film-Noir, Mystery, Thriller, Rating: 8.2, Title: Rebel Without A Cause, Year: 1955, Category: Drama, Rating: 7.8, Title: North By Northwest, Year: 1959, Category: Adventure, Mystery, Thriller, Rating: 8.3, Title: Philip, Year: 1993, Category: Smartass, Rating: 2.0, Title: NewMovie, Year: 2023, Category: Comedy, Rating: 7.0, Title: NewMovie, Year: 2023, Category: Comedy, Rating: 7.0, Title: NewMovie, Year: 2023, Category: Comedy, Rating: 7.0, Title: NewMovie, Year: 2023, Category: Comedy, Rating: 7.0, Title: NewMovie, Year: 2023, Category: Comedy, Rating: 7.0, Title: NewMovie, Year: 2023, Category: Comedy, Rating: 7.0, Title: NewMovie, Year: 2023, Category: Comedy, Rating: 7.0, Title: NewMovie, Year: 2023, Category: Comedy, Rating: 7.0, Title: NewMovie, Year: 2023, Category: Comedy, Rating: 7.0, Title: NewMovie, Year: 2023, Category: Comedy, Rating: 7.0, Title: NewMovie, Year: 2023, Category: Comedy, Rating: 7.0]
Movie found: true
]]></system-out>
  </testcase>
</testsuite>