<?xml version="1.0" encoding="UTF-8"?>
<testsuite xmlns:xsi="http://www.w3.org/2001/XMLSchema-instance" xsi:noNamespaceSchemaLocation="https://maven.apache.org/surefire/maven-surefire-plugin/xsd/surefire-test-report-3.0.xsd" version="3.0" name="DataSource.UserMapperTest" time="0.043" tests="7" errors="0" skipped="0" failures="0">
  <properties>
[...]
</properties>
  <testcase name="getUserIdOfTesterWithId1" classname="DataSource.UserMapperTest" time="0.011"/>
  <testcase name="testSaveUserDataAddTester" classname="DataSource.UserMapperTest" time="0.006"/>
  <testcase name="testGetUserBalanceFromUserWithFunds" classname="DataSource.UserMapperTest" time="0.006"/>
  <testcase name="testReadUserDataFindBlogbuster" classname="DataSource.UserMapperTest" time="0.002"/>
  <testcase name="testGetUserPunchcardBalanceWith5" classname="DataSource.UserMapperTest" time="0.004"/>
  <testcase name="testGetUserWithActiveMembership" classname="DataSource.UserMapperTest" time="0.005"/>
  <testcase name="testReadUserDataFindTester" classname="DataSource.UserMapperTest" time="0.004"/>
</testsuite>